<?xml version="1.0" encoding="UTF-8"?>
<!-- Generated by org.testng.reporters.JUnitReportReporter -->
<testsuite skipped="0" hostname="IN-DEBASISHDEY" name="utility.TestFunctionalities" tests="1" failures="0" timestamp="2023-11-27T02:40:16 IST" time="4.677" errors="0">
  <testcase name="zoomIn" time="4.677" classname="utility.TestFunctionalities"/>
  <system-out/>
</testsuite> <!-- utility.TestFunctionalities -->
