<?xml version="1.0" encoding="UTF-8"?>
<!-- Generated by org.testng.reporters.JUnitReportReporter -->
<testsuite skipped="0" hostname="IN-DEBASISHDEY" name="utility.ReadDataFromExcel" tests="1" failures="0" timestamp="2023-10-17T03:38:45 IST" time="0.392" errors="0">
  <testcase name="tests" time="0.392" classname="utility.ReadDataFromExcel"/>
  <system-out/>
</testsuite> <!-- utility.ReadDataFromExcel -->
