<?xml version="1.0" encoding="UTF-8"?>
<!-- Generated by org.testng.reporters.JUnitReportReporter -->
<testsuite skipped="0" hostname="IN-DEBASISHDEY" name="testRunners.TestRunner" tests="1" failures="0" timestamp="2023-12-04T23:06:17 IST" time="29.284" errors="0">
  <testcase name="runScenario" time="29.284" classname="testRunners.TestRunner"/>
  <system-out/>
</testsuite> <!-- testRunners.TestRunner -->
