<?xml version="1.0" encoding="UTF-8"?>
<!-- Generated by org.testng.reporters.JUnitReportReporter -->
<testsuite skipped="0" hostname="IN-DEBASISHDEY" name="testRunners.EcommTestRunner" tests="1" failures="0" timestamp="2023-11-27T12:00:02 IST" time="27.132" errors="0">
  <testcase name="runScenario" time="27.132" classname="testRunners.EcommTestRunner"/>
  <system-out/>
</testsuite> <!-- testRunners.EcommTestRunner -->
